This file contains any messages produced by compilers while
running configure, to aid debugging if configure makes a mistake.

It was created by ntpclient configure 2018_244, which was
generated by GNU Autoconf 2.69.  Invocation command line was

  $ ./configure 

## --------- ##
## Platform. ##
## --------- ##

hostname = localhost
uname -m = i686
uname -r = 3.16.0-4-686-pae
uname -s = Linux
uname -v = #1 SMP Debian 3.16.7-ckt11-1+deb8u3 (2015-08-04)

/usr/bin/uname -p = unknown
/bin/uname -X     = unknown

/bin/arch              = unknown
/usr/bin/arch -k       = unknown
/usr/convex/getsysinfo = unknown
/usr/bin/hostinfo      = unknown
/bin/machine           = unknown
/usr/bin/oslevel       = unknown
/bin/universe          = unknown

PATH: /usr/local/bin
PATH: /usr/bin
PATH: /bin
PATH: /usr/local/games
PATH: /usr/games
PATH: /opt/puppetlabs/bin


## ----------- ##
## Core tests. ##
## ----------- ##

configure:2178: checking for a BSD-compatible install
configure:2246: result: /usr/bin/install -c
configure:2257: checking whether build environment is sane
configure:2312: result: yes
configure:2463: checking for a thread-safe mkdir -p
configure:2502: result: /bin/mkdir -p
configure:2509: checking for gawk
configure:2539: result: no
configure:2509: checking for mawk
configure:2525: found /usr/bin/mawk
configure:2536: result: mawk
configure:2547: checking whether make sets $(MAKE)
configure:2569: result: yes
configure:2598: checking whether make supports nested variables
configure:2615: result: yes
configure:2752: checking whether make supports nested variables
configure:2769: result: yes
configure:2792: checking whether make supports the include directive
configure:2807: make -f confmf.GNU && cat confinc.out
this is the am__doit target
configure:2810: $? = 0
configure:2829: result: yes (GNU style)
configure:2899: checking for gcc
configure:2915: found /usr/bin/gcc
configure:2926: result: gcc
configure:3155: checking for C compiler version
configure:3164: gcc --version >&5
gcc (Debian 4.9.2-10) 4.9.2
Copyright (C) 2014 Free Software Foundation, Inc.
This is free software; see the source for copying conditions.  There is NO
warranty; not even for MERCHANTABILITY or FITNESS FOR A PARTICULAR PURPOSE.

configure:3175: $? = 0
configure:3164: gcc -v >&5
Using built-in specs.
COLLECT_GCC=gcc
COLLECT_LTO_WRAPPER=/usr/lib/gcc/i586-linux-gnu/4.9/lto-wrapper
Target: i586-linux-gnu
Configured with: ../src/configure -v --with-pkgversion='Debian 4.9.2-10' --with-bugurl=file:///usr/share/doc/gcc-4.9/README.Bugs --enable-languages=c,c++,java,go,d,fortran,objc,obj-c++ --prefix=/usr --program-suffix=-4.9 --enable-shared --enable-linker-build-id --libexecdir=/usr/lib --without-included-gettext --enable-threads=posix --with-gxx-include-dir=/usr/include/c++/4.9 --libdir=/usr/lib --enable-nls --with-sysroot=/ --enable-clocale=gnu --enable-libstdcxx-debug --enable-libstdcxx-time=yes --enable-gnu-unique-object --disable-vtable-verify --enable-plugin --with-system-zlib --disable-browser-plugin --enable-java-awt=gtk --enable-gtk-cairo --with-java-home=/usr/lib/jvm/java-1.5.0-gcj-4.9-i386/jre --enable-java-home --with-jvm-root-dir=/usr/lib/jvm/java-1.5.0-gcj-4.9-i386 --with-jvm-jar-dir=/usr/lib/jvm-exports/java-1.5.0-gcj-4.9-i386 --with-arch-directory=i386 --with-ecj-jar=/usr/share/java/eclipse-ecj.jar --enable-objc-gc --enable-targets=all --enable-multiarch --with-arch-32=i586 --with-multilib-list=m32,m64,mx32 --enable-multilib --with-tune=generic --enable-checking=release --build=i586-linux-gnu --host=i586-linux-gnu --target=i586-linux-gnu
Thread model: posix
gcc version 4.9.2 (Debian 4.9.2-10) 
configure:3175: $? = 0
configure:3164: gcc -V >&5
gcc: error: unrecognized command line option '-V'
gcc: fatal error: no input files
compilation terminated.
configure:3175: $? = 4
configure:3164: gcc -qversion >&5
gcc: error: unrecognized command line option '-qversion'
gcc: fatal error: no input files
compilation terminated.
configure:3175: $? = 4
configure:3195: checking whether the C compiler works
configure:3217: gcc    conftest.c  >&5
configure:3221: $? = 0
configure:3269: result: yes
configure:3272: checking for C compiler default output file name
configure:3274: result: a.out
configure:3280: checking for suffix of executables
configure:3287: gcc -o conftest    conftest.c  >&5
configure:3291: $? = 0
configure:3313: result: 
configure:3335: checking whether we are cross compiling
configure:3343: gcc -o conftest    conftest.c  >&5
configure:3347: $? = 0
configure:3354: ./conftest
configure:3358: $? = 0
configure:3373: result: no
configure:3378: checking for suffix of object files
configure:3400: gcc -c   conftest.c >&5
configure:3404: $? = 0
configure:3425: result: o
configure:3429: checking whether we are using the GNU C compiler
configure:3448: gcc -c   conftest.c >&5
configure:3448: $? = 0
configure:3457: result: yes
configure:3466: checking whether gcc accepts -g
configure:3486: gcc -c -g  conftest.c >&5
configure:3486: $? = 0
configure:3527: result: yes
configure:3544: checking for gcc option to accept ISO C89
configure:3607: gcc  -c -g -O2  conftest.c >&5
configure:3607: $? = 0
configure:3620: result: none needed
configure:3645: checking whether gcc understands -c and -o together
configure:3667: gcc -c conftest.c -o conftest2.o
configure:3670: $? = 0
configure:3667: gcc -c conftest.c -o conftest2.o
configure:3670: $? = 0
configure:3682: result: yes
configure:3701: checking dependency style of gcc
configure:3812: result: gcc3
configure:3833: checking how to run the C preprocessor
configure:3864: gcc -E  conftest.c
configure:3864: $? = 0
configure:3878: gcc -E  conftest.c
conftest.c:11:28: fatal error: ac_nonexistent.h: No such file or directory
 #include <ac_nonexistent.h>
                            ^
compilation terminated.
configure:3878: $? = 1
configure: failed program was:
| /* confdefs.h */
| #define PACKAGE_NAME "ntpclient"
| #define PACKAGE_TARNAME "ntpclient"
| #define PACKAGE_VERSION "2018_244"
| #define PACKAGE_STRING "ntpclient 2018_244"
| #define PACKAGE_BUGREPORT "https://github.com/troglobit/ntpclient/issues"
| #define PACKAGE_URL "https://github.com/troglobit/ntpclient"
| #define PACKAGE "ntpclient"
| #define VERSION "2018_244"
| /* end confdefs.h.  */
| #include <ac_nonexistent.h>
configure:3903: result: gcc -E
configure:3923: gcc -E  conftest.c
configure:3923: $? = 0
configure:3937: gcc -E  conftest.c
conftest.c:11:28: fatal error: ac_nonexistent.h: No such file or directory
 #include <ac_nonexistent.h>
                            ^
compilation terminated.
configure:3937: $? = 1
configure: failed program was:
| /* confdefs.h */
| #define PACKAGE_NAME "ntpclient"
| #define PACKAGE_TARNAME "ntpclient"
| #define PACKAGE_VERSION "2018_244"
| #define PACKAGE_STRING "ntpclient 2018_244"
| #define PACKAGE_BUGREPORT "https://github.com/troglobit/ntpclient/issues"
| #define PACKAGE_URL "https://github.com/troglobit/ntpclient"
| #define PACKAGE "ntpclient"
| #define VERSION "2018_244"
| /* end confdefs.h.  */
| #include <ac_nonexistent.h>
configure:3966: checking for grep that handles long lines and -e
configure:4024: result: /bin/grep
configure:4029: checking for egrep
configure:4091: result: /bin/grep -E
configure:4096: checking for ANSI C header files
configure:4116: gcc -c -g -O2  conftest.c >&5
configure:4116: $? = 0
configure:4189: gcc -o conftest -g -O2   conftest.c  >&5
configure:4189: $? = 0
configure:4189: ./conftest
configure:4189: $? = 0
configure:4200: result: yes
configure:4213: checking for sys/types.h
configure:4213: gcc -c -g -O2  conftest.c >&5
configure:4213: $? = 0
configure:4213: result: yes
configure:4213: checking for sys/stat.h
configure:4213: gcc -c -g -O2  conftest.c >&5
configure:4213: $? = 0
configure:4213: result: yes
configure:4213: checking for stdlib.h
configure:4213: gcc -c -g -O2  conftest.c >&5
configure:4213: $? = 0
configure:4213: result: yes
configure:4213: checking for string.h
configure:4213: gcc -c -g -O2  conftest.c >&5
configure:4213: $? = 0
configure:4213: result: yes
configure:4213: checking for memory.h
configure:4213: gcc -c -g -O2  conftest.c >&5
configure:4213: $? = 0
configure:4213: result: yes
configure:4213: checking for strings.h
configure:4213: gcc -c -g -O2  conftest.c >&5
configure:4213: $? = 0
configure:4213: result: yes
configure:4213: checking for inttypes.h
configure:4213: gcc -c -g -O2  conftest.c >&5
configure:4213: $? = 0
configure:4213: result: yes
configure:4213: checking for stdint.h
configure:4213: gcc -c -g -O2  conftest.c >&5
configure:4213: $? = 0
configure:4213: result: yes
configure:4213: checking for unistd.h
configure:4213: gcc -c -g -O2  conftest.c >&5
configure:4213: $? = 0
configure:4213: result: yes
configure:4226: checking minix/config.h usability
configure:4226: gcc -c -g -O2  conftest.c >&5
conftest.c:54:26: fatal error: minix/config.h: No such file or directory
 #include <minix/config.h>
                          ^
compilation terminated.
configure:4226: $? = 1
configure: failed program was:
| /* confdefs.h */
| #define PACKAGE_NAME "ntpclient"
| #define PACKAGE_TARNAME "ntpclient"
| #define PACKAGE_VERSION "2018_244"
| #define PACKAGE_STRING "ntpclient 2018_244"
| #define PACKAGE_BUGREPORT "https://github.com/troglobit/ntpclient/issues"
| #define PACKAGE_URL "https://github.com/troglobit/ntpclient"
| #define PACKAGE "ntpclient"
| #define VERSION "2018_244"
| #define STDC_HEADERS 1
| #define HAVE_SYS_TYPES_H 1
| #define HAVE_SYS_STAT_H 1
| #define HAVE_STDLIB_H 1
| #define HAVE_STRING_H 1
| #define HAVE_MEMORY_H 1
| #define HAVE_STRINGS_H 1
| #define HAVE_INTTYPES_H 1
| #define HAVE_STDINT_H 1
| #define HAVE_UNISTD_H 1
| /* end confdefs.h.  */
| #include <stdio.h>
| #ifdef HAVE_SYS_TYPES_H
| # include <sys/types.h>
| #endif
| #ifdef HAVE_SYS_STAT_H
| # include <sys/stat.h>
| #endif
| #ifdef STDC_HEADERS
| # include <stdlib.h>
| # include <stddef.h>
| #else
| # ifdef HAVE_STDLIB_H
| #  include <stdlib.h>
| # endif
| #endif
| #ifdef HAVE_STRING_H
| # if !defined STDC_HEADERS && defined HAVE_MEMORY_H
| #  include <memory.h>
| # endif
| # include <string.h>
| #endif
| #ifdef HAVE_STRINGS_H
| # include <strings.h>
| #endif
| #ifdef HAVE_INTTYPES_H
| # include <inttypes.h>
| #endif
| #ifdef HAVE_STDINT_H
| # include <stdint.h>
| #endif
| #ifdef HAVE_UNISTD_H
| # include <unistd.h>
| #endif
| #include <minix/config.h>
configure:4226: result: no
configure:4226: checking minix/config.h presence
configure:4226: gcc -E  conftest.c
conftest.c:21:26: fatal error: minix/config.h: No such file or directory
 #include <minix/config.h>
                          ^
compilation terminated.
configure:4226: $? = 1
configure: failed program was:
| /* confdefs.h */
| #define PACKAGE_NAME "ntpclient"
| #define PACKAGE_TARNAME "ntpclient"
| #define PACKAGE_VERSION "2018_244"
| #define PACKAGE_STRING "ntpclient 2018_244"
| #define PACKAGE_BUGREPORT "https://github.com/troglobit/ntpclient/issues"
| #define PACKAGE_URL "https://github.com/troglobit/ntpclient"
| #define PACKAGE "ntpclient"
| #define VERSION "2018_244"
| #define STDC_HEADERS 1
| #define HAVE_SYS_TYPES_H 1
| #define HAVE_SYS_STAT_H 1
| #define HAVE_STDLIB_H 1
| #define HAVE_STRING_H 1
| #define HAVE_MEMORY_H 1
| #define HAVE_STRINGS_H 1
| #define HAVE_INTTYPES_H 1
| #define HAVE_STDINT_H 1
| #define HAVE_UNISTD_H 1
| /* end confdefs.h.  */
| #include <minix/config.h>
configure:4226: result: no
configure:4226: checking for minix/config.h
configure:4226: result: no
configure:4247: checking whether it is safe to define __EXTENSIONS__
configure:4265: gcc -c -g -O2  conftest.c >&5
configure:4265: $? = 0
configure:4272: result: yes
configure:4338: checking for gcc
configure:4365: result: gcc
configure:4594: checking for C compiler version
configure:4603: gcc --version >&5
gcc (Debian 4.9.2-10) 4.9.2
Copyright (C) 2014 Free Software Foundation, Inc.
This is free software; see the source for copying conditions.  There is NO
warranty; not even for MERCHANTABILITY or FITNESS FOR A PARTICULAR PURPOSE.

configure:4614: $? = 0
configure:4603: gcc -v >&5
Using built-in specs.
COLLECT_GCC=gcc
COLLECT_LTO_WRAPPER=/usr/lib/gcc/i586-linux-gnu/4.9/lto-wrapper
Target: i586-linux-gnu
Configured with: ../src/configure -v --with-pkgversion='Debian 4.9.2-10' --with-bugurl=file:///usr/share/doc/gcc-4.9/README.Bugs --enable-languages=c,c++,java,go,d,fortran,objc,obj-c++ --prefix=/usr --program-suffix=-4.9 --enable-shared --enable-linker-build-id --libexecdir=/usr/lib --without-included-gettext --enable-threads=posix --with-gxx-include-dir=/usr/include/c++/4.9 --libdir=/usr/lib --enable-nls --with-sysroot=/ --enable-clocale=gnu --enable-libstdcxx-debug --enable-libstdcxx-time=yes --enable-gnu-unique-object --disable-vtable-verify --enable-plugin --with-system-zlib --disable-browser-plugin --enable-java-awt=gtk --enable-gtk-cairo --with-java-home=/usr/lib/jvm/java-1.5.0-gcj-4.9-i386/jre --enable-java-home --with-jvm-root-dir=/usr/lib/jvm/java-1.5.0-gcj-4.9-i386 --with-jvm-jar-dir=/usr/lib/jvm-exports/java-1.5.0-gcj-4.9-i386 --with-arch-directory=i386 --with-ecj-jar=/usr/share/java/eclipse-ecj.jar --enable-objc-gc --enable-targets=all --enable-multiarch --with-arch-32=i586 --with-multilib-list=m32,m64,mx32 --enable-multilib --with-tune=generic --enable-checking=release --build=i586-linux-gnu --host=i586-linux-gnu --target=i586-linux-gnu
Thread model: posix
gcc version 4.9.2 (Debian 4.9.2-10) 
configure:4614: $? = 0
configure:4603: gcc -V >&5
gcc: error: unrecognized command line option '-V'
gcc: fatal error: no input files
compilation terminated.
configure:4614: $? = 4
configure:4603: gcc -qversion >&5
gcc: error: unrecognized command line option '-qversion'
gcc: fatal error: no input files
compilation terminated.
configure:4614: $? = 4
configure:4618: checking whether we are using the GNU C compiler
configure:4646: result: yes
configure:4655: checking whether gcc accepts -g
configure:4716: result: yes
configure:4733: checking for gcc option to accept ISO C89
configure:4809: result: none needed
configure:4834: checking whether gcc understands -c and -o together
configure:4871: result: yes
configure:4890: checking dependency style of gcc
configure:5001: result: gcc3
configure:5018: checking whether gcc needs -traditional
configure:5052: result: no
configure:5116: checking for pkg-config
configure:5149: result: no
configure:5184: checking for ANSI C header files
configure:5288: result: yes
configure:5299: checking for arpa/inet.h
configure:5299: gcc -c -g -O2  conftest.c >&5
configure:5299: $? = 0
configure:5299: result: yes
configure:5299: checking for netinet/in.h
configure:5299: gcc -c -g -O2  conftest.c >&5
configure:5299: $? = 0
configure:5299: result: yes
configure:5299: checking for sys/ioctl.h
configure:5299: gcc -c -g -O2  conftest.c >&5
configure:5299: $? = 0
configure:5299: result: yes
configure:5299: checking for sys/socket.h
configure:5299: gcc -c -g -O2  conftest.c >&5
configure:5299: $? = 0
configure:5299: result: yes
configure:5299: checking for syslog.h
configure:5299: gcc -c -g -O2  conftest.c >&5
configure:5299: $? = 0
configure:5299: result: yes
configure:5316: checking for an ANSI C-conforming const
configure:5382: gcc -c -g -O2  conftest.c >&5
configure:5382: $? = 0
configure:5389: result: yes
configure:5397: checking for uint16_t
configure:5397: gcc -c -g -O2  conftest.c >&5
configure:5397: $? = 0
configure:5397: result: yes
configure:5409: checking for uint32_t
configure:5409: gcc -c -g -O2  conftest.c >&5
configure:5409: $? = 0
configure:5409: result: yes
configure:5667: checking that generated files are newer than configure
configure:5673: result: done
configure:5708: creating ./config.status

## ---------------------- ##
## Running config.status. ##
## ---------------------- ##

This file was extended by ntpclient config.status 2018_244, which was
generated by GNU Autoconf 2.69.  Invocation command line was

  CONFIG_FILES    = 
  CONFIG_HEADERS  = 
  CONFIG_LINKS    = 
  CONFIG_COMMANDS = 
  $ ./config.status 

on localhost

config.status:881: creating Makefile
config.status:881: creating src/Makefile
config.status:881: creating docs/Makefile
config.status:881: creating man/Makefile
config.status:881: creating ntpclient.service
config.status:881: creating config.h
config.status:1062: config.h is unchanged
config.status:1110: executing depfiles commands
config.status:1187: cd src       && sed -e '/# am--include-marker/d' Makefile         | make -f - am--depfiles
make: Nothing to be done for 'am--depfiles'.
config.status:1192: $? = 0

## ---------------- ##
## Cache variables. ##
## ---------------- ##

ac_cv_c_compiler_gnu=yes
ac_cv_c_const=yes
ac_cv_c_uint16_t=yes
ac_cv_c_uint32_t=yes
ac_cv_env_CC_set=
ac_cv_env_CC_value=
ac_cv_env_CFLAGS_set=
ac_cv_env_CFLAGS_value=
ac_cv_env_CPPFLAGS_set=
ac_cv_env_CPPFLAGS_value=
ac_cv_env_CPP_set=
ac_cv_env_CPP_value=
ac_cv_env_LDFLAGS_set=
ac_cv_env_LDFLAGS_value=
ac_cv_env_LIBS_set=
ac_cv_env_LIBS_value=
ac_cv_env_PKG_CONFIG_LIBDIR_set=
ac_cv_env_PKG_CONFIG_LIBDIR_value=
ac_cv_env_PKG_CONFIG_PATH_set=
ac_cv_env_PKG_CONFIG_PATH_value=
ac_cv_env_PKG_CONFIG_set=
ac_cv_env_PKG_CONFIG_value=
ac_cv_env_build_alias_set=
ac_cv_env_build_alias_value=
ac_cv_env_host_alias_set=
ac_cv_env_host_alias_value=
ac_cv_env_target_alias_set=
ac_cv_env_target_alias_value=
ac_cv_header_arpa_inet_h=yes
ac_cv_header_inttypes_h=yes
ac_cv_header_memory_h=yes
ac_cv_header_minix_config_h=no
ac_cv_header_netinet_in_h=yes
ac_cv_header_stdc=yes
ac_cv_header_stdint_h=yes
ac_cv_header_stdlib_h=yes
ac_cv_header_string_h=yes
ac_cv_header_strings_h=yes
ac_cv_header_sys_ioctl_h=yes
ac_cv_header_sys_socket_h=yes
ac_cv_header_sys_stat_h=yes
ac_cv_header_sys_types_h=yes
ac_cv_header_syslog_h=yes
ac_cv_header_unistd_h=yes
ac_cv_objext=o
ac_cv_path_EGREP='/bin/grep -E'
ac_cv_path_GREP=/bin/grep
ac_cv_path_install='/usr/bin/install -c'
ac_cv_path_mkdir=/bin/mkdir
ac_cv_prog_AWK=mawk
ac_cv_prog_CPP='gcc -E'
ac_cv_prog_ac_ct_CC=gcc
ac_cv_prog_cc_c89=
ac_cv_prog_cc_g=yes
ac_cv_prog_gcc_traditional=no
ac_cv_prog_make_make_set=yes
ac_cv_safe_to_define___extensions__=yes
am_cv_CC_dependencies_compiler_type=gcc3
am_cv_make_support_nested_variables=yes
am_cv_prog_cc_c_o=yes

## ----------------- ##
## Output variables. ##
## ----------------- ##

ACLOCAL='${SHELL} /vagrant/ntpclient-2018_244/missing aclocal-1.16'
AMDEPBACKSLASH='\'
AMDEP_FALSE='#'
AMDEP_TRUE=''
AMTAR='$${TAR-tar}'
AM_BACKSLASH='\'
AM_DEFAULT_V='$(AM_DEFAULT_VERBOSITY)'
AM_DEFAULT_VERBOSITY='0'
AM_V='$(V)'
AUTOCONF='${SHELL} /vagrant/ntpclient-2018_244/missing autoconf'
AUTOHEADER='${SHELL} /vagrant/ntpclient-2018_244/missing autoheader'
AUTOMAKE='${SHELL} /vagrant/ntpclient-2018_244/missing automake-1.16'
AWK='mawk'
CC='gcc'
CCDEPMODE='depmode=gcc3'
CFLAGS='-g -O2'
CPP='gcc -E'
CPPFLAGS=''
CYGPATH_W='echo'
DEFS='-DHAVE_CONFIG_H'
DEPDIR='.deps'
DOCDIR='/usr/local/share/doc/ntpclient'
ECHO_C=''
ECHO_N='-n'
ECHO_T=''
EGREP='/bin/grep -E'
EXEEXT=''
GREP='/bin/grep'
INSTALL_DATA='${INSTALL} -m 644'
INSTALL_PROGRAM='${INSTALL}'
INSTALL_SCRIPT='${INSTALL}'
INSTALL_STRIP_PROGRAM='$(install_sh) -c -s'
LDFLAGS=''
LIBOBJS=''
LIBS=''
LTLIBOBJS=''
MAKEINFO='${SHELL} /vagrant/ntpclient-2018_244/missing makeinfo'
MINI_FALSE=''
MINI_TRUE='#'
MKDIR_P='/bin/mkdir -p'
OBJEXT='o'
PACKAGE='ntpclient'
PACKAGE_BUGREPORT='https://github.com/troglobit/ntpclient/issues'
PACKAGE_NAME='ntpclient'
PACKAGE_STRING='ntpclient 2018_244'
PACKAGE_TARNAME='ntpclient'
PACKAGE_URL='https://github.com/troglobit/ntpclient'
PACKAGE_VERSION='2018_244'
PATH_SEPARATOR=':'
PKG_CONFIG=''
PKG_CONFIG_LIBDIR=''
PKG_CONFIG_PATH=''
SBINDIR='/usr/local/sbin'
SET_MAKE=''
SHELL='/bin/bash'
STRIP=''
SYSTEMD_FALSE=''
SYSTEMD_TRUE='#'
VERSION='2018_244'
ac_ct_CC='gcc'
am__EXEEXT_FALSE=''
am__EXEEXT_TRUE='#'
am__fastdepCC_FALSE='#'
am__fastdepCC_TRUE=''
am__include='include'
am__isrc=''
am__leading_dot='.'
am__nodep='_no'
am__quote=''
am__tar='$${TAR-tar} chof - "$$tardir"'
am__untar='$${TAR-tar} xf -'
bindir='${exec_prefix}/bin'
build_alias=''
datadir='${datarootdir}'
datarootdir='${prefix}/share'
docdir='${datarootdir}/doc/${PACKAGE_TARNAME}'
dvidir='${docdir}'
exec_prefix='${prefix}'
host_alias=''
htmldir='${docdir}'
includedir='${prefix}/include'
infodir='${datarootdir}/info'
install_sh='${SHELL} /vagrant/ntpclient-2018_244/install-sh'
libdir='${exec_prefix}/lib'
libexecdir='${exec_prefix}/libexec'
localedir='${datarootdir}/locale'
localstatedir='${prefix}/var'
mandir='${datarootdir}/man'
mkdir_p='$(MKDIR_P)'
oldincludedir='/usr/include'
pdfdir='${docdir}'
prefix='/usr/local'
program_transform_name='s,x,x,'
psdir='${docdir}'
runstatedir='${localstatedir}/run'
sbindir='${exec_prefix}/sbin'
sharedstatedir='${prefix}/com'
sysconfdir='${prefix}/etc'
systemddir=''
target_alias=''

## ----------- ##
## confdefs.h. ##
## ----------- ##

/* confdefs.h */
#define PACKAGE_NAME "ntpclient"
#define PACKAGE_TARNAME "ntpclient"
#define PACKAGE_VERSION "2018_244"
#define PACKAGE_STRING "ntpclient 2018_244"
#define PACKAGE_BUGREPORT "https://github.com/troglobit/ntpclient/issues"
#define PACKAGE_URL "https://github.com/troglobit/ntpclient"
#define PACKAGE "ntpclient"
#define VERSION "2018_244"
#define STDC_HEADERS 1
#define HAVE_SYS_TYPES_H 1
#define HAVE_SYS_STAT_H 1
#define HAVE_STDLIB_H 1
#define HAVE_STRING_H 1
#define HAVE_MEMORY_H 1
#define HAVE_STRINGS_H 1
#define HAVE_INTTYPES_H 1
#define HAVE_STDINT_H 1
#define HAVE_UNISTD_H 1
#define __EXTENSIONS__ 1
#define _ALL_SOURCE 1
#define _GNU_SOURCE 1
#define _POSIX_PTHREAD_SEMANTICS 1
#define _TANDEM_SOURCE 1
#define STDC_HEADERS 1
#define HAVE_ARPA_INET_H 1
#define HAVE_NETINET_IN_H 1
#define HAVE_SYS_IOCTL_H 1
#define HAVE_SYS_SOCKET_H 1
#define HAVE_SYSLOG_H 1
#define PRECISION_SIOCGSTAMP /**/
#define ENABLE_SYSLOG /**/

configure: exit 0
